[0] [22/02/2026 06:55:13] [START] load_diamonds() [pickle_diamonds='f:\\paper\\i_2_diamonds\\diamonds.pkl']
[0] [22/02/2026 06:55:13] [FINISH] load_diamonds() -> dict(25)
[0] [22/02/2026 06:55:13] [START] get_problems() [d_diamonds=dict(25)]
[0] [22/02/2026 06:55:13] [START] _get_problems_from_grid() [grid='Berlin_2_1024']
                                                            [pairs_diamonds=list(10)]
[0] [22/02/2026 06:55:13] [FINISH] _get_problems_from_grid() -> list(100)
[0] [22/02/2026 06:55:13] [START] _get_problems_from_grid() [grid='London_1_1024']
                                                            [pairs_diamonds=list(10)]
[0] [22/02/2026 06:55:13] [FINISH] _get_problems_from_grid() -> list(100)
[0] [22/02/2026 06:55:13] [START] _get_problems_from_grid() [grid='Moscow_1_1024']
                                                            [pairs_diamonds=list(10)]
[0] [22/02/2026 06:55:13] [FINISH] _get_problems_from_grid() -> list(100)
[0] [22/02/2026 06:55:13] [START] _get_problems_from_grid() [grid='NewYork_0_1024']
                                                            [pairs_diamonds=list(10)]
[0] [22/02/2026 06:55:13] [FINISH] _get_problems_from_grid() -> list(100)
[0] [22/02/2026 06:55:13] [START] _get_problems_from_grid() [grid='Paris_0_1024']
                                                            [pairs_diamonds=list(10)]
[0] [22/02/2026 06:55:13] [FINISH] _get_problems_from_grid() -> list(100)
[0] [22/02/2026 06:55:13] [START] _get_problems_from_grid() [grid='brc503d']
                                                            [pairs_diamonds=list(10)]
[0] [22/02/2026 06:55:13] [FINISH] _get_problems_from_grid() -> list(100)
[0] [22/02/2026 06:55:13] [START] _get_problems_from_grid() [grid='den000d']
                                                            [pairs_diamonds=list(10)]
[0] [22/02/2026 06:55:13] [FINISH] _get_problems_from_grid() -> list(100)
[0] [22/02/2026 06:55:13] [START] _get_problems_from_grid() [grid='hrt000d']
                                                            [pairs_diamonds=list(10)]
[0] [22/02/2026 06:55:13] [FINISH] _get_problems_from_grid() -> list(100)
[0] [22/02/2026 06:55:13] [START] _get_problems_from_grid() [grid='lak405d']
                                                            [pairs_diamonds=list(10)]
[0] [22/02/2026 06:55:13] [FINISH] _get_problems_from_grid() -> list(100)
[0] [22/02/2026 06:55:13] [START] _get_problems_from_grid() [grid='ost100d']
                                                            [pairs_diamonds=list(10)]
[0] [22/02/2026 06:55:13] [FINISH] _get_problems_from_grid() -> list(100)
[0] [22/02/2026 06:55:13] [START] _get_problems_from_grid() [grid='maze512-16-5']
                                                            [pairs_diamonds=list(10)]
[0] [22/02/2026 06:55:13] [FINISH] _get_problems_from_grid() -> list(100)
[0] [22/02/2026 06:55:13] [START] _get_problems_from_grid() [grid='maze512-2-0']
                                                            [pairs_diamonds=list(10)]
[0] [22/02/2026 06:55:13] [FINISH] _get_problems_from_grid() -> list(100)
[0] [22/02/2026 06:55:13] [START] _get_problems_from_grid() [grid='maze512-32-9']
                                                            [pairs_diamonds=list(10)]
[0] [22/02/2026 06:55:13] [FINISH] _get_problems_from_grid() -> list(100)
[0] [22/02/2026 06:55:13] [START] _get_problems_from_grid() [grid='maze512-4-6']
                                                            [pairs_diamonds=list(10)]
[0] [22/02/2026 06:55:13] [FINISH] _get_problems_from_grid() -> list(100)
[0] [22/02/2026 06:55:13] [START] _get_problems_from_grid() [grid='maze512-8-3']
                                                            [pairs_diamonds=list(10)]
[0] [22/02/2026 06:55:13] [FINISH] _get_problems_from_grid() -> list(100)
[0] [22/02/2026 06:55:13] [START] _get_problems_from_grid() [grid='random512-10-0']
                                                            [pairs_diamonds=list(10)]
[0] [22/02/2026 06:55:13] [FINISH] _get_problems_from_grid() -> list(100)
[0] [22/02/2026 06:55:13] [START] _get_problems_from_grid() [grid='random512-15-1']
                                                            [pairs_diamonds=list(10)]
[0] [22/02/2026 06:55:13] [FINISH] _get_problems_from_grid() -> list(100)
[0] [22/02/2026 06:55:13] [START] _get_problems_from_grid() [grid='random512-20-2']
                                                            [pairs_diamonds=list(10)]
[0] [22/02/2026 06:55:13] [FINISH] _get_problems_from_grid() -> list(100)
[0] [22/02/2026 06:55:13] [START] _get_problems_from_grid() [grid='random512-25-3']
                                                            [pairs_diamonds=list(10)]
[0] [22/02/2026 06:55:13] [FINISH] _get_problems_from_grid() -> list(100)
[0] [22/02/2026 06:55:13] [START] _get_problems_from_grid() [grid='random512-30-4']
                                                            [pairs_diamonds=list(10)]
[0] [22/02/2026 06:55:13] [FINISH] _get_problems_from_grid() -> list(100)
[0] [22/02/2026 06:55:13] [START] _get_problems_from_grid() [grid='16room_001']
                                                            [pairs_diamonds=list(10)]
[0] [22/02/2026 06:55:13] [FINISH] _get_problems_from_grid() -> list(100)
[0] [22/02/2026 06:55:13] [START] _get_problems_from_grid() [grid='32room_002']
                                                            [pairs_diamonds=list(10)]
[0] [22/02/2026 06:55:13] [FINISH] _get_problems_from_grid() -> list(100)
[0] [22/02/2026 06:55:13] [START] _get_problems_from_grid() [grid='64room_003']
                                                            [pairs_diamonds=list(10)]
[0] [22/02/2026 06:55:13] [FINISH] _get_problems_from_grid() -> list(100)
[0] [22/02/2026 06:55:13] [START] _get_problems_from_grid() [grid='64room_009']
                                                            [pairs_diamonds=list(10)]
[0] [22/02/2026 06:55:13] [FINISH] _get_problems_from_grid() -> list(100)
[0] [22/02/2026 06:55:13] [START] _get_problems_from_grid() [grid='8room_000']
                                                            [pairs_diamonds=list(10)]
[0] [22/02/2026 06:55:13] [FINISH] _get_problems_from_grid() -> list(100)
[0] [22/02/2026 06:55:13] [FINISH] get_problems() -> list(2500)
[0] [22/02/2026 06:55:13] [START] pickle_results() [problems=list(2500)]
                                                   [pickle_problems='f:\\paper\\i_3_problems\\problems.pkl']
[0] [22/02/2026 06:55:13] [FINISH] pickle_results()
